<?xml version="1.0" encoding="UTF-8"?>
<robot generator="Robot 6.0.2 (Python 3.11.0 on win32)" generated="20230516 15:37:08.942" rpa="false" schemaversion="3">
<suite id="s1" name="Android-Automation" source="D:\Projects\QA\android-automation">
<suite id="s1-s1" name="Steps" source="D:\Projects\QA\android-automation\steps">
<suite id="s1-s1-s1" name="appDietSteps" source="D:\Projects\QA\android-automation\steps\appDietSteps.robot">
<kw name="Start session apps" library="appDietSettings" type="SETUP">
<kw name="Set Appium Timeout" library="AppiumLibrary">
<arg>30</arg>
<doc>Sets the timeout in seconds used by various keywords.</doc>
<status status="PASS" starttime="20230516 15:37:09.383" endtime="20230516 15:37:09.384"/>
</kw>
<kw name="Open Application" library="AppiumLibrary">
<arg>${APPIUM_SERVER}</arg>
<arg>platformName=Android</arg>
<arg>platformVersion=13</arg>
<arg>deviceName=Emutest</arg>
<arg>appPackage=com.fghilmany.dietmealapp</arg>
<arg>appActivity=.ui.main.MainActivity</arg>
<arg>automationName=UiAutomator2</arg>
<arg>autoGrantPermissions=true</arg>
<arg>noReset=true</arg>
<doc>Opens a new application to given Appium server.
Capabilities of appium server, Android and iOS,
Please check https://github.com/appium/appium/blob/master/docs/en/writing-running-appium/server-args.md
| *Option*            | *Man.* | *Description*     |
| remote_url          | Yes    | Appium server url |
| alias               | no     | alias             |
| strict_ssl          | No     | allows you to send commands to an invalid certificate host like a self-signed one. |</doc>
<status status="PASS" starttime="20230516 15:37:09.384" endtime="20230516 15:37:16.270"/>
</kw>
<kw name="Sleep" library="BuiltIn">
<arg>2s</arg>
<doc>Pauses the test executed for the given time.</doc>
<msg timestamp="20230516 15:37:18.272" level="INFO">Slept 2 seconds</msg>
<status status="PASS" starttime="20230516 15:37:16.272" endtime="20230516 15:37:18.272"/>
</kw>
<status status="PASS" starttime="20230516 15:37:09.382" endtime="20230516 15:37:18.272"/>
</kw>
<test id="s1-s1-s1-t1" name="TC01 - Open apps" line="22">
<kw name="Sleep" library="BuiltIn">
<arg>3s</arg>
<doc>Pauses the test executed for the given time.</doc>
<msg timestamp="20230516 15:37:21.274" level="INFO">Slept 3 seconds</msg>
<status status="PASS" starttime="20230516 15:37:18.273" endtime="20230516 15:37:21.274"/>
</kw>
<doc>Open apps</doc>
<tag>TC01</tag>
<status status="PASS" starttime="20230516 15:37:18.272" endtime="20230516 15:37:21.275"/>
</test>
<test id="s1-s1-s1-t2" name="TC02 - Verify that user can input data" line="27">
<kw name="Input text home apps" library="appDietSettings">
<kw name="Input Text" library="AppiumLibrary">
<arg>${FIELD_NAME}</arg>
<arg>Firman</arg>
<doc>Types the given `text` into text field identified by `locator`.</doc>
<msg timestamp="20230516 15:37:21.281" level="INFO">Typing text 'Firman' into text field 'id=com.fghilmany.dietmealapp:id/et_name'</msg>
<msg timestamp="20230516 15:37:22.433" level="INFO">criteria is com.fghilmany.dietmealapp:id/et_name</msg>
<status status="PASS" starttime="20230516 15:37:21.279" endtime="20230516 15:37:22.433"/>
</kw>
<kw name="Input Text" library="AppiumLibrary">
<arg>${FIELD_WEIGHT}</arg>
<arg>60</arg>
<doc>Types the given `text` into text field identified by `locator`.</doc>
<msg timestamp="20230516 15:37:22.438" level="INFO">Typing text '60' into text field 'id=com.fghilmany.dietmealapp:id/et_weight'</msg>
<msg timestamp="20230516 15:37:23.490" level="INFO">criteria is com.fghilmany.dietmealapp:id/et_weight</msg>
<status status="PASS" starttime="20230516 15:37:22.433" endtime="20230516 15:37:23.490"/>
</kw>
<kw name="Input Text" library="AppiumLibrary">
<arg>${FIELD_HEIGHT}</arg>
<arg>170</arg>
<doc>Types the given `text` into text field identified by `locator`.</doc>
<msg timestamp="20230516 15:37:23.493" level="INFO">Typing text '170' into text field 'id=com.fghilmany.dietmealapp:id/et_height'</msg>
<msg timestamp="20230516 15:37:24.610" level="INFO">criteria is com.fghilmany.dietmealapp:id/et_height</msg>
<status status="PASS" starttime="20230516 15:37:23.490" endtime="20230516 15:37:24.611"/>
</kw>
<kw name="Click Element" library="AppiumLibrary">
<arg>${FIELD_GENDER_ML}</arg>
<doc>Click element identified by `locator`.</doc>
<msg timestamp="20230516 15:37:24.613" level="INFO">Clicking element 'id=com.fghilmany.dietmealapp:id/rb_male'.</msg>
<msg timestamp="20230516 15:37:25.297" level="INFO">criteria is com.fghilmany.dietmealapp:id/rb_male</msg>
<status status="PASS" starttime="20230516 15:37:24.611" endtime="20230516 15:37:25.298"/>
</kw>
<status status="PASS" starttime="20230516 15:37:21.278" endtime="20230516 15:37:25.298"/>
</kw>
<kw name="Tap next button apps" library="appDietSettings">
<kw name="Click Element" library="AppiumLibrary">
<arg>${BUTTON_NEXT}</arg>
<doc>Click element identified by `locator`.</doc>
<msg timestamp="20230516 15:37:25.305" level="INFO">Clicking element 'id=com.fghilmany.dietmealapp:id/bt_next'.</msg>
<msg timestamp="20230516 15:37:25.968" level="INFO">criteria is com.fghilmany.dietmealapp:id/bt_next</msg>
<status status="PASS" starttime="20230516 15:37:25.301" endtime="20230516 15:37:25.970"/>
</kw>
<status status="PASS" starttime="20230516 15:37:25.299" endtime="20230516 15:37:25.971"/>
</kw>
<kw name="Sleep" library="BuiltIn">
<arg>3s</arg>
<doc>Pauses the test executed for the given time.</doc>
<msg timestamp="20230516 15:37:28.974" level="INFO">Slept 3 seconds</msg>
<status status="PASS" starttime="20230516 15:37:25.972" endtime="20230516 15:37:28.974"/>
</kw>
<doc>Verify that user can input data</doc>
<tag>TC02</tag>
<status status="PASS" starttime="20230516 15:37:21.277" endtime="20230516 15:37:28.975"/>
</test>
<test id="s1-s1-s1-t3" name="TC03 - Verify that user can finish input data" line="34">
<kw name="Tap activity hiking" library="appDietSettings">
<kw name="Click Element" library="AppiumLibrary">
<arg>${HIKE}</arg>
<doc>Click element identified by `locator`.</doc>
<msg timestamp="20230516 15:37:28.982" level="INFO">Clicking element 'id=com.fghilmany.dietmealapp:id/rb_very_heavy'.</msg>
<msg timestamp="20230516 15:37:29.672" level="INFO">criteria is com.fghilmany.dietmealapp:id/rb_very_heavy</msg>
<status status="PASS" starttime="20230516 15:37:28.980" endtime="20230516 15:37:29.672"/>
</kw>
<status status="PASS" starttime="20230516 15:37:28.980" endtime="20230516 15:37:29.673"/>
</kw>
<kw name="Tap finish button" library="appDietSettings">
<kw name="Click Element" library="AppiumLibrary">
<arg>${BUTTON_FINISH}</arg>
<doc>Click element identified by `locator`.</doc>
<msg timestamp="20230516 15:37:29.675" level="INFO">Clicking element 'com.fghilmany.dietmealapp:id/bt_finish'.</msg>
<msg timestamp="20230516 15:37:29.746" level="INFO">criteria is com.fghilmany.dietmealapp:id/bt_finish</msg>
<status status="PASS" starttime="20230516 15:37:29.674" endtime="20230516 15:37:29.748"/>
</kw>
<status status="PASS" starttime="20230516 15:37:29.674" endtime="20230516 15:37:29.748"/>
</kw>
<doc>Verify that user can finish input data</doc>
<tag>TC03</tag>
<status status="PASS" starttime="20230516 15:37:28.978" endtime="20230516 15:37:29.749"/>
</test>
<kw name="Close session apps" library="appDietSettings" type="TEARDOWN">
<kw name="Close Application" library="AppiumLibrary">
<doc>Closes the current application and also close webdriver session.</doc>
<status status="PASS" starttime="20230516 15:37:29.756" endtime="20230516 15:37:29.953"/>
</kw>
<status status="PASS" starttime="20230516 15:37:29.755" endtime="20230516 15:37:29.954"/>
</kw>
<status status="PASS" starttime="20230516 15:37:08.992" endtime="20230516 15:37:29.954"/>
</suite>
<status status="PASS" starttime="20230516 15:37:08.985" endtime="20230516 15:37:29.956"/>
</suite>
<status status="PASS" starttime="20230516 15:37:08.948" endtime="20230516 15:37:29.960"/>
</suite>
<statistics>
<total>
<stat pass="3" fail="0" skip="0">All Tests</stat>
</total>
<tag>
<stat pass="1" fail="0" skip="0">TC01</stat>
<stat pass="1" fail="0" skip="0">TC02</stat>
<stat pass="1" fail="0" skip="0">TC03</stat>
</tag>
<suite>
<stat pass="3" fail="0" skip="0" id="s1" name="Android-Automation">Android-Automation</stat>
<stat pass="3" fail="0" skip="0" id="s1-s1" name="Steps">Android-Automation.Steps</stat>
<stat pass="3" fail="0" skip="0" id="s1-s1-s1" name="appDietSteps">Android-Automation.Steps.appDietSteps</stat>
</suite>
</statistics>
<errors>
</errors>
</robot>
